<?xml version="1.0" encoding="UTF-8"?>
<testsuite name="models.CitiesTest" tests="1" skipped="0" failures="0" errors="0" timestamp="2022-09-20T09:36:43" hostname="eunhuijeon-ui-MacBookAir.local" time="0.01">
  <properties/>
  <testcase name="city()" classname="models.CitiesTest" time="0.01"/>
  <system-out><![CDATA[]]></system-out>
  <system-err><![CDATA[]]></system-err>
</testsuite>
